  % Total    % Received % Xferd  Average Speed   Time    Time     Time  Current
                                 Dload  Upload   Total   Spent    Left  Speed
  0     0    0     0    0     0      0      0 --:--:-- --:--:-- --:--:--     0  0     0    0     0    0     0      0      0 --:--:-- --:--:-- --:--:--     0
curl: (7) Failed to connect to 127.0.0.1 port 1885: Connection refused
  % Total    % Received % Xferd  Average Speed   Time    Time     Time  Current
                                 Dload  Upload   Total   Spent    Left  Speed
  0     0    0     0    0     0      0      0 --:--:-- --:--:-- --:--:--     0  0     0    0     0    0     0      0      0 --:--:-- --:--:-- --:--:--     0
curl: (7) Failed to connect to 127.0.0.1 port 1885: Connection refused
Resolutions       : (2000, 6000, ... 6500)
Iterations        : 50
Num. Heat sources : 2
   1: (0.00, 0.00) 1.00 1.00 
   2: (1.00, 1.00) 1.00 0.50 


Resolution: 2000
===================
Execution time: 0.017731
Residual: 0.236070

megaflops:  78956.9
  flop instructions (M):  1400.000


Resolution: 6000
===================
Execution time: 0.227939
Residual: 0.708009

megaflops:  55278.0
  flop instructions (M):  12600.000
