15 [140407364986752] INFO perfrun.launcher <> - Launcher main begin
17 [140407364986752] INFO perfrun.launcher <> - MessageCatalogInit finished
17 [140407364986752] INFO perfrun.launcher <> - Launcher instance created
18 [140407364986752] INFO perfrun.launcher <> - argc = 6; cmdline = /dss/lrzsys/sys/spack/release/22.2.1/opt/x86_64/intel-oneapi-vtune/2021.7.1-gcc-ihh6yuf/vtune/2021.7.1/bin64/amplxe-runss -dump-vdso -r /dss/dsshome1/04/h039vag/MultiCore/HeatProject/Vtunedata/MicroArchitecture --tmp-dir /hppfs/scratch/04/h039vag/tmp/amplxe-tmp-h039vag 
100 [140407364986752] INFO perfrun.launcher <> - create msngr2::ICliToolContext
101 [140407364986752] INFO perfrun.launcher <> - create file finder object
122 [140407231670016] INFO perfrun.launcher <> - plugin [remoteplug] was disabled because it doesn't support the given collection type.
122 [140407231670016] INFO perfrun.launcher <> - plugin [system] was disabled because it doesn't support the given collection type.
122 [140407231670016] INFO perfrun.vdso <> - dumping [vdso] pseudomodule
129 [140407231670016] INFO perfrun.launcher <> - plugin [itt] was disabled because it doesn't support the given collection type.
129 [140407231670016] INFO perfrun.launcher <> - plugin [ptracecollector] was disabled because it doesn't support the given collection type.
129 [140407231670016] INFO perfrun.launcher <> - plugin [gpu] was disabled because it doesn't support the given collection type.
129 [140407231670016] INFO perfrun.launcher <> - plugin [] was disabled because it doesn't support the given collection type.
129 [140407231670016] INFO perfrun.launcher <> - plugin [] was disabled because it doesn't support the given collection type.
129 [140407231670016] INFO perfrun.launcher <> - plugin [] was disabled because it doesn't support the given collection type.
129 [140407231670016] INFO perfrun.launcher <> - plugin [mrte] was disabled because it doesn't support the given collection type.
129 [140407231670016] INFO perfrun.launcher <> - plugin [emon] was disabled because it doesn't support the given collection type.
129 [140407231670016] INFO perfrun.launcher <> - plugin [cuscol] was disabled because it doesn't support the given collection type.
129 [140407231670016] INFO perfrun.launcher <> - plugin [stdsrc] was disabled because it doesn't support the given collection type.
129 [140407231670016] INFO perfrun.launcher <> - plugin [sep] was disabled because it doesn't support the given collection type.
129 [140407231670016] INFO perfrun.launcher <> - plugin [vtsspp] was disabled because it doesn't support the given collection type.
129 [140407231670016] INFO perfrun.launcher <> - plugin [perf] was disabled because it doesn't support the given collection type.
129 [140407231670016] INFO perfrun.launcher <> - plugin [aoclprofile] was disabled because it doesn't support the given collection type.
129 [140407231670016] INFO perfrun.launcher <> - plugin [tpss] was disabled because it doesn't support the given collection type.
129 [140407231670016] INFO perfrun.launcher <> - plugin [exprof] was disabled because it doesn't support the given collection type.
129 [140407231670016] INFO perfrun.launcher <> - plugin [media] was disabled because it doesn't support the given collection type.
129 [140407231670016] INFO perfrun.launcher <> - plugin [] was disabled because it doesn't support the given collection type.
129 [140407231670016] INFO perfrun.launcher <> - plugin [] was disabled because it doesn't support the given collection type.
129 [140407231670016] INFO perfrun.launcher <> - plugin [parallelfs] was disabled because it doesn't support the given collection type.
129 [140407231670016] INFO perfrun.launcher <> - plugin [power] was disabled because it doesn't support the given collection type.
129 [140407231670016] INFO perfrun.launcher <> - plugin [hwloc] was disabled because it doesn't support the given collection type.
129 [140407231670016] INFO perfrun.launcher <> - plugin [ipmwatch] was disabled because it doesn't support the given collection type.
130 [140407231670016] INFO perfrun.launcher <> - plugin [os_counters] was disabled because it doesn't support the given collection type.
130 [140407364986752] INFO perfrun.launcher <> - Application exit code: 0
130 [140407364986752] INFO perfrun.launcher <> - Exit code: 0
